2025-12-07 23:32:47,226 [INFO] Shutting down
2025-12-07 23:32:47,332 [INFO] Waiting for application shutdown.
2025-12-07 23:32:47,333 [INFO] Application shutdown complete.
2025-12-07 23:32:47,333 [INFO] Finished server process [20888]
2025-12-07 23:33:03,302 [INFO] Started server process [13104]
2025-12-07 23:33:03,310 [INFO] Waiting for application startup.
2025-12-07 23:33:03,311 [INFO] Application startup complete.
2025-12-07 23:33:03,312 [INFO] Uvicorn running on http://127.0.0.1:8010 (Press CTRL+C to quit)
2025-12-07 23:34:40,241 [INFO] Shutting down
2025-12-07 23:34:40,347 [INFO] Waiting for application shutdown.
2025-12-07 23:34:40,348 [INFO] Application shutdown complete.
2025-12-07 23:34:40,348 [INFO] Finished server process [13104]
2025-12-07 23:35:22,453 [INFO] Started server process [23340]
2025-12-07 23:35:22,455 [INFO] Waiting for application startup.
2025-12-07 23:35:22,455 [INFO] Application startup complete.
2025-12-07 23:35:22,456 [INFO] Uvicorn running on http://127.0.0.1:8010 (Press CTRL+C to quit)
2025-12-07 23:35:47,837 [INFO] 127.0.0.1:52926 - "GET / HTTP/1.1" 200
2025-12-07 23:35:48,283 [INFO] 127.0.0.1:64900 - "GET /static/style.css?v=11 HTTP/1.1" 200
2025-12-07 23:35:48,390 [INFO] 127.0.0.1:64900 - "GET /static/app.js HTTP/1.1" 200
2025-12-07 23:35:48,411 [INFO] 127.0.0.1:64900 - "GET /sessions HTTP/1.1" 200
2025-12-07 23:35:48,652 [INFO] 127.0.0.1:64900 - "GET /favicon.ico HTTP/1.1" 404
2025-12-07 23:37:14,239 [INFO] detected formats: [<InputFormat.PDF: 'pdf'>]
2025-12-07 23:37:14,418 [INFO] Going to convert document batch...
2025-12-07 23:37:14,419 [INFO] Initializing pipeline for StandardPdfPipeline with options hash 8a40261cb342c4ad4c6f3633056fb061
2025-12-07 23:37:14,533 [INFO] Loading plugin 'docling_defaults'
2025-12-07 23:37:14,544 [INFO] Registered picture descriptions: ['vlm', 'api']
2025-12-07 23:37:14,719 [INFO] Loading plugin 'docling_defaults'
2025-12-07 23:37:14,733 [INFO] Registered ocr engines: ['auto', 'easyocr', 'ocrmac', 'rapidocr', 'tesserocr', 'tesseract']
2025-12-07 23:37:14,807 [INFO] Loading plugin 'docling_defaults'
2025-12-07 23:37:14,816 [INFO] Registered layout engines: ['docling_layout_default', 'docling_experimental_table_crops_layout']
2025-12-07 23:37:14,833 [INFO] Accelerator device: 'cpu'
2025-12-07 23:37:17,212 [INFO] Loading plugin 'docling_defaults'
2025-12-07 23:37:17,217 [INFO] Registered table structure engines: ['docling_tableformer']
2025-12-07 23:37:17,761 [INFO] Accelerator device: 'cpu'
2025-12-07 23:37:19,538 [INFO] Processing document tmp6a7jxkb5.pdf
2025-12-07 23:37:50,378 [INFO] Finished converting document tmp6a7jxkb5.pdf in 36.17 sec.
2025-12-07 23:37:50,690 [INFO] 127.0.0.1:55026 - "POST /convert/batch HTTP/1.1" 200
2025-12-07 23:37:50,701 [INFO] 127.0.0.1:55026 - "GET /sessions HTTP/1.1" 200
2025-12-07 23:37:50,714 [INFO] 127.0.0.1:55026 - "GET /sessions/8516f763-0c18-4c91-8a5d-742b2e8ce1e6 HTTP/1.1" 200
2025-12-07 23:38:00,295 [INFO] 127.0.0.1:65509 - "GET /static/uploads/Woice.pdf HTTP/1.1" 200
2025-12-07 23:38:50,560 [INFO] HTTP Request: POST https://api.groq.com/openai/v1/chat/completions "HTTP/1.1 200 OK"
2025-12-07 23:38:50,581 [INFO] 127.0.0.1:61594 - "POST /sessions/8516f763-0c18-4c91-8a5d-742b2e8ce1e6/chat HTTP/1.1" 200
2025-12-07 23:39:33,072 [INFO] 127.0.0.1:61534 - "GET /sessions/88411dd4-7097-48b7-8df4-381168d9dc4a HTTP/1.1" 200
2025-12-07 23:39:35,252 [INFO] 127.0.0.1:61534 - "GET /sessions/8516f763-0c18-4c91-8a5d-742b2e8ce1e6 HTTP/1.1" 200
2025-12-07 23:39:49,616 [INFO] 127.0.0.1:60486 - "GET / HTTP/1.1" 200
2025-12-07 23:39:49,668 [INFO] 127.0.0.1:60486 - "GET /static/style.css?v=11 HTTP/1.1" 304
2025-12-07 23:39:49,670 [INFO] 127.0.0.1:53062 - "GET /static/app.js HTTP/1.1" 304
2025-12-07 23:39:49,685 [INFO] 127.0.0.1:53062 - "GET /sessions HTTP/1.1" 200
2025-12-07 23:39:52,608 [INFO] 127.0.0.1:53062 - "GET /sessions HTTP/1.1" 200
2025-12-07 23:40:01,483 [INFO] 127.0.0.1:63760 - "GET /sessions HTTP/1.1" 200
2025-12-07 23:40:01,626 [INFO] 127.0.0.1:63760 - "GET /favicon.ico HTTP/1.1" 404
2025-12-07 23:40:11,471 [INFO] 127.0.0.1:49675 - "GET /sessions/8516f763-0c18-4c91-8a5d-742b2e8ce1e6 HTTP/1.1" 200
2025-12-07 23:40:21,222 [INFO] 127.0.0.1:49672 - "GET /sessions/33be116d-558e-49c6-b4ab-bab275a07194 HTTP/1.1" 200
2025-12-07 23:40:26,195 [INFO] 127.0.0.1:49672 - "GET /static/uploads/Prathikha.pdf HTTP/1.1" 200
2025-12-07 23:40:50,144 [INFO] HTTP Request: POST https://api.groq.com/openai/v1/chat/completions "HTTP/1.1 200 OK"
2025-12-07 23:40:50,153 [INFO] 127.0.0.1:49673 - "POST /sessions/33be116d-558e-49c6-b4ab-bab275a07194/chat HTTP/1.1" 200
2025-12-07 23:41:09,171 [INFO] 127.0.0.1:61686 - "GET /sessions/7111b2e3-110a-4ad0-8b82-04088d80e731 HTTP/1.1" 200
2025-12-07 23:41:28,576 [INFO] 127.0.0.1:58159 - "GET /sessions/8516f763-0c18-4c91-8a5d-742b2e8ce1e6 HTTP/1.1" 200
2025-12-07 23:41:30,123 [INFO] 127.0.0.1:58159 - "GET /sessions/88411dd4-7097-48b7-8df4-381168d9dc4a HTTP/1.1" 200
2025-12-07 23:41:30,399 [INFO] 127.0.0.1:58159 - "GET /sessions/24bbe1d9-6331-45a9-b941-2f32285d58eb HTTP/1.1" 200
2025-12-07 23:41:31,001 [INFO] 127.0.0.1:58159 - "GET /sessions/7473b710-33bb-4e30-a27a-44dbff98cf9c HTTP/1.1" 200
2025-12-07 23:41:32,181 [INFO] 127.0.0.1:58159 - "GET /sessions/64943df3-8dea-4060-8e55-f925c12ae100 HTTP/1.1" 200
2025-12-07 23:41:32,850 [INFO] 127.0.0.1:58159 - "GET /sessions/33be116d-558e-49c6-b4ab-bab275a07194 HTTP/1.1" 200
2025-12-07 23:41:36,546 [INFO] 127.0.0.1:58159 - "GET /sessions/64943df3-8dea-4060-8e55-f925c12ae100 HTTP/1.1" 200
2025-12-07 23:42:51,765 [INFO] 127.0.0.1:59612 - "GET /sessions/88411dd4-7097-48b7-8df4-381168d9dc4a HTTP/1.1" 200
2025-12-07 23:42:52,249 [INFO] 127.0.0.1:59612 - "GET /sessions/18330ad9-f80e-44c1-8645-893076a5efa0 HTTP/1.1" 200
2025-12-07 23:42:53,506 [INFO] 127.0.0.1:59612 - "GET /sessions/5c4b657d-7ed7-4014-b958-98df00bd7f57 HTTP/1.1" 200
2025-12-07 23:42:58,290 [INFO] 127.0.0.1:59612 - "GET /sessions/64943df3-8dea-4060-8e55-f925c12ae100 HTTP/1.1" 200
2025-12-07 23:43:05,053 [INFO] 127.0.0.1:59886 - "GET /sessions/8516f763-0c18-4c91-8a5d-742b2e8ce1e6 HTTP/1.1" 200
2025-12-07 23:43:06,224 [INFO] 127.0.0.1:59886 - "GET /sessions/88411dd4-7097-48b7-8df4-381168d9dc4a HTTP/1.1" 200
2025-12-10 16:13:14,564 [INFO] Anonymized telemetry enabled. See                     https://docs.trychroma.com/telemetry for more information.
2025-12-10 16:13:14,907 [INFO] Use pytorch device_name: cpu
2025-12-10 16:13:14,916 [INFO] Load pretrained SentenceTransformer: all-MiniLM-L6-v2
2025-12-10 16:13:20,194 [INFO] Started server process [28280]
2025-12-10 16:13:20,195 [INFO] Waiting for application startup.
2025-12-10 16:13:20,195 [INFO] Application startup complete.
2025-12-10 16:13:21,911 [INFO] 127.0.0.1:55132 - "GET / HTTP/1.1" 200
2025-12-10 16:13:21,964 [INFO] 127.0.0.1:55132 - "GET /static/style.css?v=11 HTTP/1.1" 200
2025-12-10 16:13:21,971 [INFO] 127.0.0.1:63539 - "GET /static/app.js HTTP/1.1" 200
2025-12-10 16:13:22,411 [INFO] 127.0.0.1:63539 - "GET /sessions HTTP/1.1" 200
2025-12-10 16:13:22,544 [INFO] 127.0.0.1:63539 - "GET /favicon.ico HTTP/1.1" 404
2025-12-10 16:13:28,339 [INFO] detected formats: [<InputFormat.PDF: 'pdf'>]
2025-12-10 16:13:33,069 [INFO] Going to convert document batch...
2025-12-10 16:13:33,069 [INFO] Initializing pipeline for StandardPdfPipeline with options hash 8a40261cb342c4ad4c6f3633056fb061
2025-12-10 16:13:33,222 [INFO] Loading plugin 'docling_defaults'
2025-12-10 16:13:33,231 [INFO] Registered picture descriptions: ['vlm', 'api']
2025-12-10 16:13:33,283 [INFO] Loading plugin 'docling_defaults'
2025-12-10 16:13:33,300 [INFO] Registered ocr engines: ['auto', 'easyocr', 'ocrmac', 'rapidocr', 'tesserocr', 'tesseract']
2025-12-10 16:13:33,339 [INFO] Loading plugin 'docling_defaults'
2025-12-10 16:13:33,351 [INFO] Registered layout engines: ['docling_layout_default', 'docling_experimental_table_crops_layout']
2025-12-10 16:13:33,369 [INFO] Accelerator device: 'cpu'
2025-12-10 16:13:34,412 [INFO] Loading plugin 'docling_defaults'
2025-12-10 16:13:34,416 [INFO] Registered table structure engines: ['docling_tableformer']
2025-12-10 16:13:35,185 [INFO] Accelerator device: 'cpu'
2025-12-10 16:13:36,198 [INFO] Processing document tmplfnb6vwd.pdf
2025-12-10 16:13:38,495 [INFO] Finished converting document tmplfnb6vwd.pdf in 10.17 sec.
2025-12-10 16:13:38,985 [INFO] 127.0.0.1:53116 - "POST /convert/batch HTTP/1.1" 200
2025-12-10 16:13:38,990 [INFO] 127.0.0.1:53116 - "GET /sessions HTTP/1.1" 200
2025-12-10 16:13:38,995 [INFO] 127.0.0.1:53116 - "GET /sessions/8e421665-e6e2-487b-8b10-bcc816290018 HTTP/1.1" 200
2025-12-10 16:13:54,090 [INFO] detected formats: [<InputFormat.PDF: 'pdf'>]
2025-12-10 16:13:54,092 [INFO] Going to convert document batch...
2025-12-10 16:13:54,092 [INFO] Initializing pipeline for StandardPdfPipeline with options hash 8a40261cb342c4ad4c6f3633056fb061
2025-12-10 16:13:54,093 [INFO] Accelerator device: 'cpu'
2025-12-10 16:13:55,219 [INFO] Accelerator device: 'cpu'
2025-12-10 16:13:55,687 [INFO] Processing document tmpnao68215.pdf
2025-12-10 16:13:58,588 [INFO] Finished converting document tmpnao68215.pdf in 4.52 sec.
2025-12-10 16:13:59,099 [INFO] 127.0.0.1:62816 - "POST /convert/batch HTTP/1.1" 200
2025-12-10 16:13:59,105 [INFO] 127.0.0.1:62816 - "GET /sessions HTTP/1.1" 200
2025-12-10 16:13:59,110 [INFO] 127.0.0.1:62816 - "GET /sessions/11c44f7f-23b1-441a-ba25-d808e413967b HTTP/1.1" 200
2025-12-10 16:14:48,182 [INFO] HTTP Request: POST https://api.groq.com/openai/v1/chat/completions "HTTP/1.1 401 Unauthorized"
2025-12-10 16:14:48,191 [INFO] 127.0.0.1:65022 - "POST /sessions/11c44f7f-23b1-441a-ba25-d808e413967b/chat HTTP/1.1" 200
2025-12-10 16:15:13,426 [INFO] Shutting down
2025-12-10 16:15:13,527 [INFO] Waiting for application shutdown.
2025-12-10 16:15:13,528 [INFO] Application shutdown complete.
2025-12-10 16:15:13,529 [INFO] Finished server process [28280]
2025-12-10 16:15:31,812 [INFO] Anonymized telemetry enabled. See                     https://docs.trychroma.com/telemetry for more information.
2025-12-10 16:15:32,082 [INFO] Use pytorch device_name: cpu
2025-12-10 16:15:32,083 [INFO] Load pretrained SentenceTransformer: all-MiniLM-L6-v2
2025-12-10 16:15:36,900 [INFO] Started server process [14252]
2025-12-10 16:15:36,901 [INFO] Waiting for application startup.
2025-12-10 16:15:36,901 [INFO] Application startup complete.
2025-12-10 16:15:36,957 [ERROR] Traceback (most recent call last):
  File "C:\Program Files\Python310\lib\asyncio\runners.py", line 44, in run
    return loop.run_until_complete(main)
  File "C:\Program Files\Python310\lib\asyncio\base_events.py", line 636, in run_until_complete
    self.run_forever()
  File "C:\Program Files\Python310\lib\asyncio\base_events.py", line 603, in run_forever
    self._run_once()
  File "C:\Program Files\Python310\lib\asyncio\base_events.py", line 1909, in _run_once
    handle._run()
  File "C:\Program Files\Python310\lib\asyncio\events.py", line 80, in _run
    self._context.run(self._callback, *self._args)
  File "C:\Users\shara\AppData\Roaming\Python\Python310\site-packages\uvicorn\server.py", line 69, in serve
    with self.capture_signals():
  File "C:\Program Files\Python310\lib\contextlib.py", line 142, in __exit__
    next(self.gen)
  File "C:\Users\shara\AppData\Roaming\Python\Python310\site-packages\uvicorn\server.py", line 330, in capture_signals
    signal.raise_signal(captured_signal)
KeyboardInterrupt

During handling of the above exception, another exception occurred:

Traceback (most recent call last):
  File "C:\Users\shara\AppData\Roaming\Python\Python310\site-packages\starlette\routing.py", line 701, in lifespan
    await receive()
  File "C:\Users\shara\AppData\Roaming\Python\Python310\site-packages\uvicorn\lifespan\on.py", line 137, in receive
    return await self.receive_queue.get()
  File "C:\Program Files\Python310\lib\asyncio\queues.py", line 159, in get
    await getter
asyncio.exceptions.CancelledError

2025-12-10 16:15:48,342 [INFO] Anonymized telemetry enabled. See                     https://docs.trychroma.com/telemetry for more information.
2025-12-10 16:15:48,569 [INFO] Use pytorch device_name: cpu
2025-12-10 16:15:48,569 [INFO] Load pretrained SentenceTransformer: all-MiniLM-L6-v2
2025-12-10 16:15:53,677 [INFO] Started server process [8004]
2025-12-10 16:15:53,678 [INFO] Waiting for application startup.
2025-12-10 16:15:53,679 [INFO] Application startup complete.
2025-12-10 16:22:04,461 [INFO] Shutting down
2025-12-10 16:22:04,570 [INFO] Waiting for application shutdown.
2025-12-10 16:22:04,572 [INFO] Application shutdown complete.
2025-12-10 16:22:04,573 [INFO] Finished server process [8004]
2025-12-10 16:22:18,466 [INFO] Anonymized telemetry enabled. See                     https://docs.trychroma.com/telemetry for more information.
2025-12-10 16:22:18,755 [INFO] Use pytorch device_name: cpu
2025-12-10 16:22:18,755 [INFO] Load pretrained SentenceTransformer: all-MiniLM-L6-v2
2025-12-10 16:22:23,933 [INFO] Started server process [3908]
2025-12-10 16:22:23,938 [INFO] Waiting for application startup.
2025-12-10 16:22:23,938 [INFO] Application startup complete.
2025-12-10 16:22:58,620 [INFO] Shutting down
2025-12-10 16:22:58,733 [INFO] Waiting for application shutdown.
2025-12-10 16:22:58,735 [INFO] Application shutdown complete.
2025-12-10 16:22:58,735 [INFO] Finished server process [3908]
2025-12-10 16:23:13,296 [INFO] Anonymized telemetry enabled. See                     https://docs.trychroma.com/telemetry for more information.
2025-12-10 16:23:13,622 [INFO] Use pytorch device_name: cpu
2025-12-10 16:23:13,622 [INFO] Load pretrained SentenceTransformer: all-MiniLM-L6-v2
2025-12-10 16:23:18,689 [INFO] Started server process [19620]
2025-12-10 16:23:18,690 [INFO] Waiting for application startup.
2025-12-10 16:23:18,690 [INFO] Application startup complete.
2025-12-10 16:23:18,951 [INFO] 127.0.0.1:49671 - "GET / HTTP/1.1" 200
2025-12-10 16:23:21,348 [INFO] 127.0.0.1:52504 - "GET /static/style.css?v=11 HTTP/1.1" 304
2025-12-10 16:23:21,348 [INFO] 127.0.0.1:64979 - "GET /static/app.js HTTP/1.1" 304
2025-12-10 16:23:21,549 [INFO] 127.0.0.1:64979 - "GET /sessions HTTP/1.1" 200
2025-12-10 16:23:21,597 [INFO] 127.0.0.1:64979 - "GET /favicon.ico HTTP/1.1" 404
2025-12-10 16:23:24,496 [INFO] 127.0.0.1:64979 - "GET /sessions/11c44f7f-23b1-441a-ba25-d808e413967b HTTP/1.1" 200
2025-12-10 16:23:28,026 [INFO] HTTP Request: POST https://api.groq.com/openai/v1/chat/completions "HTTP/1.1 200 OK"
2025-12-10 16:23:28,048 [INFO] 127.0.0.1:64979 - "POST /sessions/11c44f7f-23b1-441a-ba25-d808e413967b/chat HTTP/1.1" 200
2025-12-10 16:24:42,187 [INFO] Shutting down
2025-12-10 16:24:42,291 [INFO] Waiting for application shutdown.
2025-12-10 16:24:42,299 [INFO] Application shutdown complete.
2025-12-10 16:24:42,299 [INFO] Finished server process [19620]
2025-12-10 16:24:54,735 [INFO] Anonymized telemetry enabled. See                     https://docs.trychroma.com/telemetry for more information.
2025-12-10 16:24:55,037 [INFO] Use pytorch device_name: cpu
2025-12-10 16:24:55,038 [INFO] Load pretrained SentenceTransformer: all-MiniLM-L6-v2
2025-12-10 16:25:00,003 [INFO] Started server process [20556]
2025-12-10 16:25:00,004 [INFO] Waiting for application startup.
2025-12-10 16:25:00,005 [INFO] Application startup complete.
2025-12-10 16:25:00,007 [ERROR] Traceback (most recent call last):
  File "C:\Program Files\Python310\lib\asyncio\runners.py", line 44, in run
    return loop.run_until_complete(main)
  File "C:\Program Files\Python310\lib\asyncio\base_events.py", line 636, in run_until_complete
    self.run_forever()
  File "C:\Program Files\Python310\lib\asyncio\base_events.py", line 603, in run_forever
    self._run_once()
  File "C:\Program Files\Python310\lib\asyncio\base_events.py", line 1909, in _run_once
    handle._run()
  File "C:\Program Files\Python310\lib\asyncio\events.py", line 80, in _run
    self._context.run(self._callback, *self._args)
  File "C:\Users\shara\AppData\Roaming\Python\Python310\site-packages\uvicorn\server.py", line 69, in serve
    with self.capture_signals():
  File "C:\Program Files\Python310\lib\contextlib.py", line 142, in __exit__
    next(self.gen)
  File "C:\Users\shara\AppData\Roaming\Python\Python310\site-packages\uvicorn\server.py", line 330, in capture_signals
    signal.raise_signal(captured_signal)
KeyboardInterrupt

During handling of the above exception, another exception occurred:

Traceback (most recent call last):
  File "C:\Users\shara\AppData\Roaming\Python\Python310\site-packages\starlette\routing.py", line 701, in lifespan
    await receive()
  File "C:\Users\shara\AppData\Roaming\Python\Python310\site-packages\uvicorn\lifespan\on.py", line 137, in receive
    return await self.receive_queue.get()
  File "C:\Program Files\Python310\lib\asyncio\queues.py", line 159, in get
    await getter
asyncio.exceptions.CancelledError

2025-12-10 16:25:15,238 [INFO] Anonymized telemetry enabled. See                     https://docs.trychroma.com/telemetry for more information.
2025-12-10 16:25:15,525 [INFO] Use pytorch device_name: cpu
2025-12-10 16:25:15,525 [INFO] Load pretrained SentenceTransformer: all-MiniLM-L6-v2
2025-12-10 16:25:20,484 [INFO] Started server process [1128]
2025-12-10 16:25:20,485 [INFO] Waiting for application startup.
2025-12-10 16:25:20,486 [INFO] Application startup complete.
2025-12-10 16:28:18,761 [INFO] Shutting down
2025-12-10 16:28:18,862 [INFO] Waiting for application shutdown.
2025-12-10 16:28:18,862 [INFO] Application shutdown complete.
2025-12-10 16:28:18,863 [INFO] Finished server process [1128]
2025-12-10 16:28:31,400 [INFO] Anonymized telemetry enabled. See                     https://docs.trychroma.com/telemetry for more information.
2025-12-10 16:28:31,663 [INFO] Use pytorch device_name: cpu
2025-12-10 16:28:31,663 [INFO] Load pretrained SentenceTransformer: all-MiniLM-L6-v2
2025-12-10 16:28:36,583 [INFO] Started server process [25984]
2025-12-10 16:28:36,584 [INFO] Waiting for application startup.
2025-12-10 16:28:36,585 [INFO] Application startup complete.
2025-12-10 16:30:48,625 [INFO] Shutting down
2025-12-10 16:30:48,735 [INFO] Waiting for application shutdown.
2025-12-10 16:30:48,736 [INFO] Application shutdown complete.
2025-12-10 16:30:48,736 [INFO] Finished server process [25984]
2025-12-10 16:31:02,238 [INFO] Anonymized telemetry enabled. See                     https://docs.trychroma.com/telemetry for more information.
2025-12-10 16:31:02,668 [INFO] Use pytorch device_name: cpu
2025-12-10 16:31:02,668 [INFO] Load pretrained SentenceTransformer: all-MiniLM-L6-v2
2025-12-10 16:31:08,601 [INFO] Started server process [24072]
2025-12-10 16:31:08,602 [INFO] Waiting for application startup.
2025-12-10 16:31:08,603 [INFO] Application startup complete.
